This is XeTeX, Version 3.14159265-2.6-0.999992 (TeX Live 2020) (preloaded format=xelatex 2020.6.17)  8 JAN 2022 18:36
entering extended mode
 restricted \write18 enabled.
 %&-line parsing enabled.
**report.tex
(./report.tex
LaTeX2e <2020-02-02> patch level 5
L3 programming layer <2020-03-06>
! TeX capacity exceeded, sorry [parameter stack size=10000].
\@onefilewithoptions #1[#2][#3]#4->
                                   \pkgcls@debug {--- File loaded request (\...
l.3 \usepackage[UTF8, fontset=macnew]
                                     {ctex}
If you really absolutely need more capacity,
you can ask a wizard to enlarge me.

 
Here is how much of TeX's memory you used:
 15 strings out of 479418
 293 string characters out of 5884585
 296717 words of memory out of 5000000
 17635 multiletter control sequences out of 15000+600000
 532338 words of font info for 24 fonts, out of 8000000 for 9000
 1348 hyphenation exceptions out of 8191
 4287i,0n,10003p,76b,8s stack positions out of 5000i,500n,10000p,200000b,80000s
No pages of output.
